<?xml version="1.0" encoding="UTF-8"?>
<!-- Generated by org.testng.reporters.JUnitReportReporter -->
<testsuite hostname="DESKTOP-M7QUMCN" failures="0" tests="2" name="TestCase.TC_APITest" time="3.556" errors="0" timestamp="2022-12-11T13:35:27 CET" skipped="0">
  <testcase classname="TestCase.TC_APITest" name="test_getAllEmployees" time="2.537"/>
  <system-out/>
  <testcase classname="TestCase.TC_APITest" name="updateEmloyee" time="1.019"/>
  <system-out/>
</testsuite> <!-- TestCase.TC_APITest -->
